<?xml version="1.0" encoding="UTF-8"?>
<!-- Generated by org.testng.reporters.JUnitReportReporter -->
<testsuite hostname="DESKTOP-KL69OJ0" failures="0" tests="1" name="com.test.LoginPageTest" time="74.166" errors="0" timestamp="2023-08-15T03:37:14 IST" skipped="0">
  <testcase classname="com.test.LoginPageTest" name="loginMethod1" time="74.166"/>
</testsuite> <!-- com.test.LoginPageTest -->
